<?xml version="1.0" encoding="UTF-8"?>
<!-- Generated by org.testng.reporters.JUnitReportReporter -->
<testsuite skipped="0" hostname="LAPTOP-SW-22" name="tests.FirstTests" tests="1" failures="0" timestamp="23 abr 2019 12:56:30 GMT" time="0.015" errors="0">
  <testcase name="miCuartoTest" time="0.015" classname="tests.FirstTests"/>
</testsuite> <!-- tests.FirstTests -->
