<?xml version="1.0" encoding="UTF-8"?>
<!-- Generated by org.testng.reporters.JUnitReportReporter -->
<testsuite skipped="3" hostname="LAPTOP-SW-22" name="tests.SecondTests" tests="6" failures="0" timestamp="23 abr 2019 15:32:24 GMT" time="0.005" errors="0">
  <testcase name="miCuartoTest" time="0.002" classname="tests.SecondTests"/>
  <testcase name="test1" time="0.002" classname="tests.SecondTests"/>
  <testcase name="miTercerTest" time="0.001" classname="tests.SecondTests"/>
  <testcase name="test2" classname="tests.SecondTests">
    <skipped/>
  </testcase> <!-- test2 -->
  <testcase name="test4" classname="tests.SecondTests">
    <skipped/>
  </testcase> <!-- test4 -->
  <testcase name="test3" classname="tests.SecondTests">
    <skipped/>
  </testcase> <!-- test3 -->
</testsuite> <!-- tests.SecondTests -->
